<!DOCTYPE html PUBLIC "-//W3C//DTD XHTML 1.1//EN" "https://www.w3.org/TR/xhtml11/DTD/xhtml11.dtd">
<html xmlns="https://www.w3.org/1999/xhtml">
<head>
<meta http-equiv="content-type" content="text/html; charset=UTF-8"/>
<title>TestNG Report</title>
<style type="text/css">table {margin-bottom:10px;border-collapse:collapse;empty-cells:show}th,td {border:1px solid #009;padding:.25em .5em}th {vertical-align:bottom}td {vertical-align:top}table a {font-weight:bold}.stripe td {background-color: #E6EBF9}.num {text-align:right}.passedodd td {background-color: #3F3}.passedeven td {background-color: #0A0}.skippedodd td {background-color: #DDD}.skippedeven td {background-color: #CCC}.failedodd td,.attn {background-color: #F33}.failedeven td,.stripe .attn {background-color: #D00}.stacktrace {white-space:pre;font-family:monospace}.totop {font-size:85%;text-align:center;border-bottom:2px solid #000}.invisible {display:none}</style>
</head>
<body>
<table>
<tr><th>Test</th><th># Passed</th><th># Skipped</th><th># Retried</th><th># Failed</th><th>Time (ms)</th><th>Included Groups</th><th>Excluded Groups</th></tr>
<tr><th colspan="8">Suite</th></tr>
<tr><td><a href="#t0">NBA_edge</a></td><td class="num">1</td><td class="num">0</td><td class="num">0</td><td class="num">0</td><td class="num">33,820</td><td></td><td></td></tr>
<tr class="stripe"><td><a href="#t1">NBA_chrome</a></td><td class="num">1</td><td class="num">0</td><td class="num">0</td><td class="num">0</td><td class="num">40,814</td><td></td><td></td></tr>
<tr><td><a href="#t2">old Saleforce account</a></td><td class="num">2</td><td class="num">0</td><td class="num">0</td><td class="num">0</td><td class="num">70,261</td><td></td><td></td></tr>
<tr class="stripe"><td><a href="#t3">sprint6_Jira_Rajesh</a></td><td class="num">10</td><td class="num">0</td><td class="num attn">4</td><td class="num">0</td><td class="num">122,261</td><td></td><td></td></tr>
<tr><th>Total</th><th class="num">14</th><th class="num">0</th><th class="num attn">4</th><th class="num">0</th><th class="num">267,156</th><th colspan="2"></th></tr>
</table>
<table id='summary'><thead><tr><th>Class</th><th>Method</th><th>Start</th><th>Time (ms)</th></tr></thead><tbody><tr><th colspan="4">Suite</th></tr></tbody><tbody id="t0"><tr><th colspan="4">NBA_edge &#8212; passed</th></tr><tr class="passedeven"><td rowspan="1">sprint6_Test_Rajesh.NBATestCase</td><td><a href="#m0">testCase_NBA</a></td><td rowspan="1">1730200889175</td><td rowspan="1">29975</td></tr></tbody>
<tbody id="t1"><tr><th colspan="4">NBA_chrome &#8212; passed</th></tr><tr class="passedeven"><td rowspan="1">sprint6_Test_Rajesh.NBATestCase</td><td><a href="#m1">testCase_NBA</a></td><td rowspan="1">1730200889212</td><td rowspan="1">37803</td></tr></tbody>
<tbody id="t2"><tr><th colspan="4">old Saleforce account &#8212; passed</th></tr><tr class="passedeven"><td rowspan="1">sprint6_Test_Rajesh.S6_89_Classic_NewAccount</td><td><a href="#m2">testCase_S6_89_SalesForce_Classic_NewAccount</a></td><td rowspan="1">1730200889188</td><td rowspan="1">13788</td></tr><tr class="passedodd"><td rowspan="1">sprint6_Test_Rajesh.S6_90_Vrfy_Newly_Created</td><td><a href="#m3">testCase_S6_90_Verify_Newly_Created</a></td><td rowspan="1">1730200889203</td><td rowspan="1">67288</td></tr></tbody>
<tbody id="t3"><tr><th colspan="4">sprint6_Jira_Rajesh &#8212; retried</th></tr><tr class="retriedeven"><td rowspan="1">sprint6_Test_Rajesh.S6_025_Create_LegalEntity_Without_MandatoryFields</td><td><a href="#m4">testCase_S6_025_createLegalEntityWithoutMandatoryFields</a></td><td rowspan="1">1730200923311</td><td rowspan="1">62765</td></tr><tr class="retriedodd"><td rowspan="1">sprint6_Test_Rajesh.S6_053_AddProductWithOpportunity</td><td><a href="#m5">testCase_S6_053_verify_AddProductWithOpportunity</a></td><td rowspan="1">1730200952237</td><td rowspan="1">52123</td></tr><tr class="retriedeven"><td rowspan="2">sprint6_Test_Rajesh.S6_70_Create_Leads_Without_Mandatory_Fields</td><td><a href="#m6">testCase_S6_70_Create_Leads_Without_Mandatory_Fields</a></td><td rowspan="2">1730200956047</td><td rowspan="2">9882</td></tr><tr class="retriedeven"><td><a href="#m7">testCase_S6_70_Create_Leads_Without_Mandatory_Fields</a></td></tr><tr><th colspan="4">sprint6_Jira_Rajesh &#8212; passed</th></tr><tr class="passedeven"><td rowspan="1">sprint6_Test_Rajesh.S6_013_Create_Case_Without_Mandatory_Fields</td><td><a href="#m8">testCase_S6_013_Create_Case_Without_Mandatory_Fields</a></td><td rowspan="1">1730200923110</td><td rowspan="1">24785</td></tr><tr class="passedodd"><td rowspan="1">sprint6_Test_Rajesh.S6_019_Create_Contact</td><td><a href="#m9">testCase_S6_019_Create_Contact</a></td><td rowspan="1">1730200923002</td><td rowspan="1">19142</td></tr><tr class="passedeven"><td rowspan="1">sprint6_Test_Rajesh.S6_025_Create_LegalEntity_Without_MandatoryFields</td><td><a href="#m10">testCase_S6_025_createLegalEntityWithoutMandatoryFields</a></td><td rowspan="1">1730200987884</td><td rowspan="1">25272</td></tr><tr class="passedodd"><td rowspan="1">sprint6_Test_Rajesh.S6_031_verify_Dashboards_SortOrder_By_DashboardName</td><td><a href="#m11">testCase_S6_031_verify_Dashboards_SortOrder_By_DashboardName</a></td><td rowspan="1">1730200923385</td><td rowspan="1">29495</td></tr><tr class="passedeven"><td rowspan="1">sprint6_Test_Rajesh.S6_037_VerifyAppStoreLoadedToDownloadSalesForceAStory</td><td><a href="#m12">testCase_S6_037_VerifyAppStoreLoadedToDownloadSalesForceAStory</a></td><td rowspan="1">1730200922950</td><td rowspan="1">49650</td></tr><tr class="passedodd"><td rowspan="1">sprint6_Test_Rajesh.S6_053_AddProductWithOpportunity</td><td><a href="#m13">testCase_S6_053_verify_AddProductWithOpportunity</a></td><td rowspan="1">1730201006358</td><td rowspan="1">36029</td></tr><tr class="passedeven"><td rowspan="1">sprint6_Test_Rajesh.S6_054_Add_Product</td><td><a href="#m14">testCase_S6_054_Add_Product</a></td><td rowspan="1">1730200944459</td><td rowspan="1">34311</td></tr><tr class="passedodd"><td rowspan="1">sprint6_Test_Rajesh.S6_70_Create_Leads_Without_Mandatory_Fields</td><td><a href="#m15">testCase_S6_70_Create_Leads_Without_Mandatory_Fields</a></td><td rowspan="1">1730200978489</td><td rowspan="1">11987</td></tr><tr class="passedeven"><td rowspan="1">sprint6_Test_Rajesh.S6_71_Create_New_Contract</td><td><a href="#m16">testCase_S6_71_Create_New_Contract</a></td><td rowspan="1">1730200974815</td><td rowspan="1">29476</td></tr><tr class="passedodd"><td rowspan="1">sprint6_Test_Rajesh.S6_72_Edit_Contract</td><td><a href="#m17">testCase_S6_72_Edit_Contract</a></td><td rowspan="1">1730201006284</td><td rowspan="1">14795</td></tr></tbody>
</table>
<h2>NBA_edge</h2><h3 id="m0">sprint6_Test_Rajesh.NBATestCase#testCase_NBA</h3><table class="result"><tr><th class="invisible"/></tr></table><p class="totop"><a href="#summary">back to summary</a></p>
<h2>NBA_chrome</h2><h3 id="m1">sprint6_Test_Rajesh.NBATestCase#testCase_NBA</h3><table class="result"><tr><th class="invisible"/></tr></table><p class="totop"><a href="#summary">back to summary</a></p>
<h2>old Saleforce account</h2><h3 id="m2">sprint6_Test_Rajesh.S6_89_Classic_NewAccount#testCase_S6_89_SalesForce_Classic_NewAccount</h3><table class="result"><tr class="param"><th>Parameter #1</th><th>Parameter #2</th></tr><tr class="param stripe"><td>learners@testleaf.com</td><td>Leaf@1234</td></tr></table><p class="totop"><a href="#summary">back to summary</a></p>
<h3 id="m3">sprint6_Test_Rajesh.S6_90_Vrfy_Newly_Created#testCase_S6_90_Verify_Newly_Created</h3><table class="result"><tr class="param"><th>Parameter #1</th><th>Parameter #2</th></tr><tr class="param stripe"><td>learners@testleaf.com</td><td>Leaf@1234</td></tr></table><p class="totop"><a href="#summary">back to summary</a></p>
<h2>sprint6_Jira_Rajesh</h2><h3 id="m4">sprint6_Test_Rajesh.S6_025_Create_LegalEntity_Without_MandatoryFields#testCase_S6_025_createLegalEntityWithoutMandatoryFields</h3><table class="result"><tr class="param"><th>Parameter #1</th><th>Parameter #2</th></tr><tr class="param stripe"><td>gokul.sekar@testleaf.com</td><td>Leaf@123</td></tr><tr><th colspan="2">Exception</th></tr><tr><td colspan="2"><div class="stacktrace">org.openqa.selenium.NoSuchElementException: no such element: Unable to locate element: {&quot;method&quot;:&quot;xpath&quot;,&quot;selector&quot;:&quot;//a[@title=&apos;Legal Entities&apos;][1]//following::a[1]&quot;}
  (Session info: chrome=130.0.6723.70)
For documentation on this error, please visit: https://www.selenium.dev/documentation/webdriver/troubleshooting/errors#no-such-element-exception
Build info: version: &apos;4.25.0&apos;, revision: &apos;8a8aea2337&apos;
System info: os.name: &apos;Windows 10&apos;, os.arch: &apos;amd64&apos;, os.version: &apos;10.0&apos;, java.version: &apos;16.0.1&apos;
Driver info: org.openqa.selenium.chrome.ChromeDriver
Command: [6869005bb7720d4cbcf863686a3d7101, findElement {using=xpath, value=//a[@title=&apos;Legal Entities&apos;][1]//following::a[1]}]
Capabilities {acceptInsecureCerts: false, browserName: chrome, browserVersion: 130.0.6723.70, chrome: {chromedriverVersion: 130.0.6723.69 (3ec172b971b9..., userDataDir: C:\Users\rajes\AppData\Loca...}, fedcm:accounts: true, goog:chromeOptions: {debuggerAddress: localhost:50733}, networkConnectionEnabled: false, pageLoadStrategy: normal, platformName: windows, proxy: Proxy(), se:cdp: ws://localhost:50733/devtoo..., se:cdpVersion: 130.0.6723.70, setWindowRect: true, strictFileInteractability: false, timeouts: {implicit: 0, pageLoad: 300000, script: 30000}, unhandledPromptBehavior: dismiss and notify, webauthn:extension:credBlob: true, webauthn:extension:largeBlob: true, webauthn:extension:minPinLength: true, webauthn:extension:prf: true, webauthn:virtualAuthenticators: true}
Session ID: 6869005bb7720d4cbcf863686a3d7101
	at org.openqa.selenium.remote.ErrorCodec.decode(ErrorCodec.java:167)
	at org.openqa.selenium.remote.codec.w3c.W3CHttpResponseCodec.decode(W3CHttpResponseCodec.java:138)
	at org.openqa.selenium.remote.codec.w3c.W3CHttpResponseCodec.decode(W3CHttpResponseCodec.java:50)
	at org.openqa.selenium.remote.HttpCommandExecutor.execute(HttpCommandExecutor.java:190)
	at org.openqa.selenium.remote.service.DriverCommandExecutor.invokeExecute(DriverCommandExecutor.java:216)
	at org.openqa.selenium.remote.service.DriverCommandExecutor.execute(DriverCommandExecutor.java:174)
	at org.openqa.selenium.remote.RemoteWebDriver.execute(RemoteWebDriver.java:545)
	at org.openqa.selenium.remote.ElementLocation$ElementFinder$2.findElement(ElementLocation.java:165)
	at org.openqa.selenium.remote.ElementLocation.findElement(ElementLocation.java:59)
	at org.openqa.selenium.remote.RemoteWebDriver.findElement(RemoteWebDriver.java:368)
	at org.openqa.selenium.remote.RemoteWebDriver.findElement(RemoteWebDriver.java:362)
	at sprint6_Rajesh.S6_25_CreateLegalEntityWithoutMandatoryFields.s6_025_createLegalEntityWithoutMandatoryFields(S6_25_CreateLegalEntityWithoutMandatoryFields.java:42)
	at sprint6_Test_Rajesh.S6_025_Create_LegalEntity_Without_MandatoryFields.testCase_S6_025_createLegalEntityWithoutMandatoryFields(S6_025_Create_LegalEntity_Without_MandatoryFields.java:34)
	at java.base/java.util.concurrent.ThreadPoolExecutor.runWorker(ThreadPoolExecutor.java:1130)
	at java.base/java.util.concurrent.ThreadPoolExecutor$Worker.run(ThreadPoolExecutor.java:630)
	at java.base/java.lang.Thread.run(Thread.java:831)
... Removed 17 stack frames</div></td></tr></table><p class="totop"><a href="#summary">back to summary</a></p>
<h3 id="m5">sprint6_Test_Rajesh.S6_053_AddProductWithOpportunity#testCase_S6_053_verify_AddProductWithOpportunity</h3><table class="result"><tr class="param"><th>Parameter #1</th><th>Parameter #2</th></tr><tr class="param stripe"><td>gokul.sekar@testleaf.com</td><td>Leaf@123</td></tr><tr><th colspan="2">Exception</th></tr><tr><td colspan="2"><div class="stacktrace">org.openqa.selenium.NoSuchElementException: no such element: Unable to locate element: {&quot;method&quot;:&quot;xpath&quot;,&quot;selector&quot;:&quot;//button[@title=&apos;Close&apos;]//following::button&quot;}
  (Session info: chrome=130.0.6723.70)
For documentation on this error, please visit: https://www.selenium.dev/documentation/webdriver/troubleshooting/errors#no-such-element-exception
Build info: version: &apos;4.25.0&apos;, revision: &apos;8a8aea2337&apos;
System info: os.name: &apos;Windows 10&apos;, os.arch: &apos;amd64&apos;, os.version: &apos;10.0&apos;, java.version: &apos;16.0.1&apos;
Driver info: org.openqa.selenium.chrome.ChromeDriver
Command: [de289b90d6f89f3012bd43cba9d17010, findElement {using=xpath, value=//button[@title=&apos;Close&apos;]//following::button}]
Capabilities {acceptInsecureCerts: false, browserName: chrome, browserVersion: 130.0.6723.70, chrome: {chromedriverVersion: 130.0.6723.69 (3ec172b971b9..., userDataDir: C:\Users\rajes\AppData\Loca...}, fedcm:accounts: true, goog:chromeOptions: {debuggerAddress: localhost:51026}, networkConnectionEnabled: false, pageLoadStrategy: normal, platformName: windows, proxy: Proxy(), se:cdp: ws://localhost:51026/devtoo..., se:cdpVersion: 130.0.6723.70, setWindowRect: true, strictFileInteractability: false, timeouts: {implicit: 0, pageLoad: 300000, script: 30000}, unhandledPromptBehavior: dismiss and notify, webauthn:extension:credBlob: true, webauthn:extension:largeBlob: true, webauthn:extension:minPinLength: true, webauthn:extension:prf: true, webauthn:virtualAuthenticators: true}
Session ID: de289b90d6f89f3012bd43cba9d17010
	at org.openqa.selenium.remote.ErrorCodec.decode(ErrorCodec.java:167)
	at org.openqa.selenium.remote.codec.w3c.W3CHttpResponseCodec.decode(W3CHttpResponseCodec.java:138)
	at org.openqa.selenium.remote.codec.w3c.W3CHttpResponseCodec.decode(W3CHttpResponseCodec.java:50)
	at org.openqa.selenium.remote.HttpCommandExecutor.execute(HttpCommandExecutor.java:190)
	at org.openqa.selenium.remote.service.DriverCommandExecutor.invokeExecute(DriverCommandExecutor.java:216)
	at org.openqa.selenium.remote.service.DriverCommandExecutor.execute(DriverCommandExecutor.java:174)
	at org.openqa.selenium.remote.RemoteWebDriver.execute(RemoteWebDriver.java:545)
	at org.openqa.selenium.remote.ElementLocation$ElementFinder$2.findElement(ElementLocation.java:165)
	at org.openqa.selenium.remote.ElementLocation.findElement(ElementLocation.java:59)
	at org.openqa.selenium.remote.RemoteWebDriver.findElement(RemoteWebDriver.java:368)
	at org.openqa.selenium.remote.RemoteWebDriver.findElement(RemoteWebDriver.java:362)
	at sprint6_Rajesh.S6_53_AddProductWithOpportunity.addProduct(S6_53_AddProductWithOpportunity.java:26)
	at sprint6_Test_Rajesh.S6_053_AddProductWithOpportunity.testCase_S6_053_verify_AddProductWithOpportunity(S6_053_AddProductWithOpportunity.java:31)
	at java.base/java.util.concurrent.ThreadPoolExecutor.runWorker(ThreadPoolExecutor.java:1130)
	at java.base/java.util.concurrent.ThreadPoolExecutor$Worker.run(ThreadPoolExecutor.java:630)
	at java.base/java.lang.Thread.run(Thread.java:831)
... Removed 17 stack frames</div></td></tr></table><p class="totop"><a href="#summary">back to summary</a></p>
<h3 id="m6">sprint6_Test_Rajesh.S6_70_Create_Leads_Without_Mandatory_Fields#testCase_S6_70_Create_Leads_Without_Mandatory_Fields</h3><table class="result"><tr class="param"><th>Parameter #1</th><th>Parameter #2</th></tr><tr class="param stripe"><td>gokul.sekar@testleaf.com</td><td>Leaf@123</td></tr><tr><th colspan="2">Exception</th></tr><tr><td colspan="2"><div class="stacktrace">org.openqa.selenium.ElementClickInterceptedException: element click intercepted: Element &lt;p style=&quot;display: inline&quot; class=&quot;slds-truncate&quot; lwc-4nfn2rc40ch=&quot;&quot;&gt;...&lt;/p&gt; is not clickable at point (658, 444). Other element would receive the click: &lt;lightning-spinner lwc-72pl72prujq=&quot;&quot; size=&quot;medium&quot; variant=&quot;brand&quot; class=&quot;slds-spinner_container&quot; lwc-47dd688sbro-host=&quot;&quot;&gt;&lt;/lightning-spinner&gt;
  (Session info: chrome=130.0.6723.70)
Build info: version: &apos;4.25.0&apos;, revision: &apos;8a8aea2337&apos;
System info: os.name: &apos;Windows 10&apos;, os.arch: &apos;amd64&apos;, os.version: &apos;10.0&apos;, java.version: &apos;16.0.1&apos;
Driver info: org.openqa.selenium.chrome.ChromeDriver
Command: [aee721168ba5541a7551afafaf729a56, clickElement {id=f.BCE2634E2EF48C00A4C0BA694D2E0820.d.C0F70F6DCCE0FAF52694A2ADEED5489E.e.118}]
Capabilities {acceptInsecureCerts: false, browserName: chrome, browserVersion: 130.0.6723.70, chrome: {chromedriverVersion: 130.0.6723.69 (3ec172b971b9..., userDataDir: C:\Users\rajes\AppData\Loca...}, fedcm:accounts: true, goog:chromeOptions: {debuggerAddress: localhost:51118}, networkConnectionEnabled: false, pageLoadStrategy: normal, platformName: windows, proxy: Proxy(), se:cdp: ws://localhost:51118/devtoo..., se:cdpVersion: 130.0.6723.70, setWindowRect: true, strictFileInteractability: false, timeouts: {implicit: 0, pageLoad: 300000, script: 30000}, unhandledPromptBehavior: dismiss and notify, webauthn:extension:credBlob: true, webauthn:extension:largeBlob: true, webauthn:extension:minPinLength: true, webauthn:extension:prf: true, webauthn:virtualAuthenticators: true}
Element: [[ChromeDriver: chrome on windows (aee721168ba5541a7551afafaf729a56)] -&gt; xpath: //p[text()=&apos;Sales&apos;]]
Session ID: aee721168ba5541a7551afafaf729a56
	at org.openqa.selenium.remote.ErrorCodec.decode(ErrorCodec.java:167)
	at org.openqa.selenium.remote.codec.w3c.W3CHttpResponseCodec.decode(W3CHttpResponseCodec.java:138)
	at org.openqa.selenium.remote.codec.w3c.W3CHttpResponseCodec.decode(W3CHttpResponseCodec.java:50)
	at org.openqa.selenium.remote.HttpCommandExecutor.execute(HttpCommandExecutor.java:190)
	at org.openqa.selenium.remote.service.DriverCommandExecutor.invokeExecute(DriverCommandExecutor.java:216)
	at org.openqa.selenium.remote.service.DriverCommandExecutor.execute(DriverCommandExecutor.java:174)
	at org.openqa.selenium.remote.RemoteWebDriver.execute(RemoteWebDriver.java:545)
	at org.openqa.selenium.remote.RemoteWebElement.execute(RemoteWebElement.java:223)
	at org.openqa.selenium.remote.RemoteWebElement.click(RemoteWebElement.java:76)
	at sprint6_Rajesh.S6_70CreateLeadsWithoutMandatoryFields.s6_70_Create_Leads_Without_Mandatory_Fields(S6_70CreateLeadsWithoutMandatoryFields.java:36)
	at sprint6_Test_Rajesh.S6_70_Create_Leads_Without_Mandatory_Fields.testCase_S6_70_Create_Leads_Without_Mandatory_Fields(S6_70_Create_Leads_Without_Mandatory_Fields.java:34)
	at java.base/java.util.concurrent.ThreadPoolExecutor.runWorker(ThreadPoolExecutor.java:1130)
	at java.base/java.util.concurrent.ThreadPoolExecutor$Worker.run(ThreadPoolExecutor.java:630)
	at java.base/java.lang.Thread.run(Thread.java:831)
... Removed 17 stack frames</div></td></tr></table><p class="totop"><a href="#summary">back to summary</a></p>
<h3 id="m7">sprint6_Test_Rajesh.S6_70_Create_Leads_Without_Mandatory_Fields#testCase_S6_70_Create_Leads_Without_Mandatory_Fields</h3><table class="result"><tr class="param"><th>Parameter #1</th><th>Parameter #2</th></tr><tr class="param stripe"><td>gokul.sekar@testleaf.com</td><td>Leaf@123</td></tr><tr><th colspan="2">Exception</th></tr><tr><td colspan="2"><div class="stacktrace">org.openqa.selenium.StaleElementReferenceException: stale element reference: stale element not found in the current frame
  (Session info: chrome=130.0.6723.70)
For documentation on this error, please visit: https://www.selenium.dev/documentation/webdriver/troubleshooting/errors#stale-element-reference-exception
Build info: version: &apos;4.25.0&apos;, revision: &apos;8a8aea2337&apos;
System info: os.name: &apos;Windows 10&apos;, os.arch: &apos;amd64&apos;, os.version: &apos;10.0&apos;, java.version: &apos;16.0.1&apos;
Driver info: org.openqa.selenium.chrome.ChromeDriver
Command: [3451eca8fd4d528b227e8c297ce326cb, isElementDisplayed {id=f.12102416D05BDFA02A16873F72C9B073.d.03B8314C38906D93FA946FCF288A1AE6.e.63}]
Capabilities {acceptInsecureCerts: false, browserName: chrome, browserVersion: 130.0.6723.70, chrome: {chromedriverVersion: 130.0.6723.69 (3ec172b971b9..., userDataDir: C:\Users\rajes\AppData\Loca...}, fedcm:accounts: true, goog:chromeOptions: {debuggerAddress: localhost:51201}, networkConnectionEnabled: false, pageLoadStrategy: normal, platformName: windows, proxy: Proxy(), se:cdp: ws://localhost:51201/devtoo..., se:cdpVersion: 130.0.6723.70, setWindowRect: true, strictFileInteractability: false, timeouts: {implicit: 0, pageLoad: 300000, script: 30000}, unhandledPromptBehavior: dismiss and notify, webauthn:extension:credBlob: true, webauthn:extension:largeBlob: true, webauthn:extension:minPinLength: true, webauthn:extension:prf: true, webauthn:virtualAuthenticators: true}
Element: [[ChromeDriver: chrome on windows (3451eca8fd4d528b227e8c297ce326cb)] -&gt; xpath: //button[text()=&apos;View All&apos;]]
Session ID: 3451eca8fd4d528b227e8c297ce326cb
	at org.openqa.selenium.remote.ErrorCodec.decode(ErrorCodec.java:167)
	at org.openqa.selenium.remote.codec.w3c.W3CHttpResponseCodec.decode(W3CHttpResponseCodec.java:138)
	at org.openqa.selenium.remote.codec.w3c.W3CHttpResponseCodec.decode(W3CHttpResponseCodec.java:50)
	at org.openqa.selenium.remote.HttpCommandExecutor.execute(HttpCommandExecutor.java:190)
	at org.openqa.selenium.remote.service.DriverCommandExecutor.invokeExecute(DriverCommandExecutor.java:216)
	at org.openqa.selenium.remote.service.DriverCommandExecutor.execute(DriverCommandExecutor.java:174)
	at org.openqa.selenium.remote.RemoteWebDriver.execute(RemoteWebDriver.java:545)
	at org.openqa.selenium.remote.RemoteWebElement.execute(RemoteWebElement.java:223)
	at org.openqa.selenium.remote.RemoteWebElement.isDisplayed(RemoteWebElement.java:282)
	at org.openqa.selenium.support.ui.ExpectedConditions.elementIfVisible(ExpectedConditions.java:304)
	at org.openqa.selenium.support.ui.ExpectedConditions$10.apply(ExpectedConditions.java:290)
	at org.openqa.selenium.support.ui.ExpectedConditions$10.apply(ExpectedConditions.java:287)
	at org.openqa.selenium.support.ui.FluentWait.until(FluentWait.java:203)
	at sprint6_Rajesh.S6_70CreateLeadsWithoutMandatoryFields.s6_70_Create_Leads_Without_Mandatory_Fields(S6_70CreateLeadsWithoutMandatoryFields.java:32)
	at sprint6_Test_Rajesh.S6_70_Create_Leads_Without_Mandatory_Fields.testCase_S6_70_Create_Leads_Without_Mandatory_Fields(S6_70_Create_Leads_Without_Mandatory_Fields.java:34)
	at java.base/java.util.concurrent.ThreadPoolExecutor.runWorker(ThreadPoolExecutor.java:1130)
	at java.base/java.util.concurrent.ThreadPoolExecutor$Worker.run(ThreadPoolExecutor.java:630)
	at java.base/java.lang.Thread.run(Thread.java:831)
... Removed 17 stack frames</div></td></tr></table><p class="totop"><a href="#summary">back to summary</a></p>
<h3 id="m8">sprint6_Test_Rajesh.S6_013_Create_Case_Without_Mandatory_Fields#testCase_S6_013_Create_Case_Without_Mandatory_Fields</h3><table class="result"><tr class="param"><th>Parameter #1</th><th>Parameter #2</th></tr><tr class="param stripe"><td>gokul.sekar@testleaf.com</td><td>Leaf@123</td></tr></table><p class="totop"><a href="#summary">back to summary</a></p>
<h3 id="m9">sprint6_Test_Rajesh.S6_019_Create_Contact#testCase_S6_019_Create_Contact</h3><table class="result"><tr class="param"><th>Parameter #1</th><th>Parameter #2</th></tr><tr class="param stripe"><td>gokul.sekar@testleaf.com</td><td>Leaf@123</td></tr></table><p class="totop"><a href="#summary">back to summary</a></p>
<h3 id="m10">sprint6_Test_Rajesh.S6_025_Create_LegalEntity_Without_MandatoryFields#testCase_S6_025_createLegalEntityWithoutMandatoryFields</h3><table class="result"><tr class="param"><th>Parameter #1</th><th>Parameter #2</th></tr><tr class="param stripe"><td>gokul.sekar@testleaf.com</td><td>Leaf@123</td></tr></table><p class="totop"><a href="#summary">back to summary</a></p>
<h3 id="m11">sprint6_Test_Rajesh.S6_031_verify_Dashboards_SortOrder_By_DashboardName#testCase_S6_031_verify_Dashboards_SortOrder_By_DashboardName</h3><table class="result"><tr class="param"><th>Parameter #1</th><th>Parameter #2</th></tr><tr class="param stripe"><td>gokul.sekar@testleaf.com</td><td>Leaf@123</td></tr></table><p class="totop"><a href="#summary">back to summary</a></p>
<h3 id="m12">sprint6_Test_Rajesh.S6_037_VerifyAppStoreLoadedToDownloadSalesForceAStory#testCase_S6_037_VerifyAppStoreLoadedToDownloadSalesForceAStory</h3><table class="result"><tr class="param"><th>Parameter #1</th><th>Parameter #2</th></tr><tr class="param stripe"><td>gokul.sekar@testleaf.com</td><td>Leaf@123</td></tr></table><p class="totop"><a href="#summary">back to summary</a></p>
<h3 id="m13">sprint6_Test_Rajesh.S6_053_AddProductWithOpportunity#testCase_S6_053_verify_AddProductWithOpportunity</h3><table class="result"><tr class="param"><th>Parameter #1</th><th>Parameter #2</th></tr><tr class="param stripe"><td>gokul.sekar@testleaf.com</td><td>Leaf@123</td></tr></table><p class="totop"><a href="#summary">back to summary</a></p>
<h3 id="m14">sprint6_Test_Rajesh.S6_054_Add_Product#testCase_S6_054_Add_Product</h3><table class="result"><tr class="param"><th>Parameter #1</th><th>Parameter #2</th></tr><tr class="param stripe"><td>gokul.sekar@testleaf.com</td><td>Leaf@123</td></tr></table><p class="totop"><a href="#summary">back to summary</a></p>
<h3 id="m15">sprint6_Test_Rajesh.S6_70_Create_Leads_Without_Mandatory_Fields#testCase_S6_70_Create_Leads_Without_Mandatory_Fields</h3><table class="result"><tr class="param"><th>Parameter #1</th><th>Parameter #2</th></tr><tr class="param stripe"><td>gokul.sekar@testleaf.com</td><td>Leaf@123</td></tr></table><p class="totop"><a href="#summary">back to summary</a></p>
<h3 id="m16">sprint6_Test_Rajesh.S6_71_Create_New_Contract#testCase_S6_71_Create_New_Contract</h3><table class="result"><tr class="param"><th>Parameter #1</th><th>Parameter #2</th></tr><tr class="param stripe"><td>gokul.sekar@testleaf.com</td><td>Leaf@123</td></tr></table><p class="totop"><a href="#summary">back to summary</a></p>
<h3 id="m17">sprint6_Test_Rajesh.S6_72_Edit_Contract#testCase_S6_72_Edit_Contract</h3><table class="result"><tr class="param"><th>Parameter #1</th><th>Parameter #2</th></tr><tr class="param stripe"><td>gokul.sekar@testleaf.com</td><td>Leaf@123</td></tr></table><p class="totop"><a href="#summary">back to summary</a></p>
</body>
</html>
