<?xml version="1.0" encoding="UTF-8"?>
<!-- Generated by org.testng.reporters.JUnitXMLReporter -->
<testsuite ignored="0" hostname="Rajesh" failures="0" tests="3" name="NBA Tests" time="0.05" errors="0" timestamp="2024-10-29T16:36:50 IST">
  <testcase classname="sprint6_Test_Rajesh.BaseTest" name="@BeforeMethod setUp" time="-1.730200010469E9">
    <failure type="org.testng.TestNGException" message="
Parameter &amp;apos;browsers&amp;apos; is required by BeforeMethod on method setUp but has not been marked @Optional or defined
in D:\Cohere Cohort\testng-learn.xml">
      <![CDATA[org.testng.TestNGException: 
Parameter 'browsers' is required by BeforeMethod on method setUp but has not been marked @Optional or defined
in D:\Cohere Cohort\testng-learn.xml
at java.base/java.util.concurrent.FutureTask.run(FutureTask.java:264)
at java.base/java.util.concurrent.Executors$RunnableAdapter.call(Executors.java:515)
at java.base/java.util.concurrent.FutureTask.run(FutureTask.java:264)
at java.base/java.util.concurrent.ThreadPoolExecutor.runWorker(ThreadPoolExecutor.java:1130)
at java.base/java.util.concurrent.ThreadPoolExecutor$Worker.run(ThreadPoolExecutor.java:630)
at java.base/java.lang.Thread.run(Thread.java:831)
... Removed 10 stack frames]]>
    </failure>
  </testcase> <!-- @BeforeMethod setUp -->
  <testcase classname="sprint6_Test_Rajesh.BaseTest" name="@BeforeMethod setUp" time="-1.730200010469E9">
    <failure type="org.testng.TestNGException" message="
Parameter &amp;apos;browsers&amp;apos; is required by BeforeMethod on method setUp but has not been marked @Optional or defined
in D:\Cohere Cohort\testng-learn.xml">
      <![CDATA[org.testng.TestNGException: 
Parameter 'browsers' is required by BeforeMethod on method setUp but has not been marked @Optional or defined
in D:\Cohere Cohort\testng-learn.xml
at java.base/java.util.concurrent.FutureTask.run(FutureTask.java:264)
at java.base/java.util.concurrent.Executors$RunnableAdapter.call(Executors.java:515)
at java.base/java.util.concurrent.FutureTask.run(FutureTask.java:264)
at java.base/java.util.concurrent.ThreadPoolExecutor.runWorker(ThreadPoolExecutor.java:1130)
at java.base/java.util.concurrent.ThreadPoolExecutor$Worker.run(ThreadPoolExecutor.java:630)
at java.base/java.lang.Thread.run(Thread.java:831)
... Removed 10 stack frames]]>
    </failure>
  </testcase> <!-- @BeforeMethod setUp -->
  <testcase classname="sprint6_Test_Rajesh.BaseTest" name="@BeforeMethod setUp" time="-1.730200010469E9">
    <failure type="org.testng.TestNGException" message="
Parameter &amp;apos;browsers&amp;apos; is required by BeforeMethod on method setUp but has not been marked @Optional or defined
in D:\Cohere Cohort\testng-learn.xml">
      <![CDATA[org.testng.TestNGException: 
Parameter 'browsers' is required by BeforeMethod on method setUp but has not been marked @Optional or defined
in D:\Cohere Cohort\testng-learn.xml
at java.base/java.util.concurrent.FutureTask.run(FutureTask.java:264)
at java.base/java.util.concurrent.Executors$RunnableAdapter.call(Executors.java:515)
at java.base/java.util.concurrent.FutureTask.run(FutureTask.java:264)
at java.base/java.util.concurrent.ThreadPoolExecutor.runWorker(ThreadPoolExecutor.java:1130)
at java.base/java.util.concurrent.ThreadPoolExecutor$Worker.run(ThreadPoolExecutor.java:630)
at java.base/java.lang.Thread.run(Thread.java:831)
... Removed 10 stack frames]]>
    </failure>
  </testcase> <!-- @BeforeMethod setUp -->
  <testcase classname="sprint6_Test_Rajesh.NBATestCase" name="testCase_NBA" time="0.0">
    <skipped/>
  </testcase> <!-- testCase_NBA -->
  <testcase classname="sprint6_Test_Rajesh.NBATestCase" name="testCase_NBA" time="0.0">
    <skipped/>
  </testcase> <!-- testCase_NBA -->
  <testcase classname="sprint6_Test_Rajesh.NBATestCase" name="testCase_NBA" time="0.0">
    <skipped/>
  </testcase> <!-- testCase_NBA -->
</testsuite> <!-- NBA Tests -->
